2025-09-11 00:42:06,110 - INFO - ==================================================
2025-09-11 00:42:06,110 - INFO - Nike SEC Filings Downloader - DEMO MODE
2025-09-11 00:42:06,110 - INFO - ==================================================
2025-09-11 00:42:06,110 - INFO - Target Year: 2020
2025-09-11 00:42:06,110 - INFO - Download Directory: /home/runner/work/SCORCHED/SCORCHED/nike_sec_filings_2020
2025-09-11 00:42:06,110 - INFO - 
2025-09-11 00:42:06,111 - INFO - NOTE: This is a demonstration using mock data.
2025-09-11 00:42:06,111 - INFO - In production, this would download actual SEC filings from:
2025-09-11 00:42:06,111 - INFO - https://investors.nike.com/investors/news-events-and-reports/default.aspx
2025-09-11 00:42:06,111 - INFO - 
2025-09-11 00:42:06,111 - INFO - Processing 1/10: Nike Inc. Form 10-K Annual Report 2020
2025-09-11 00:42:06,111 - INFO -   Created: Nike_Inc_Form_10-K_Annual_Report_2020.pdf (770 bytes)
2025-09-11 00:42:06,111 - INFO -   Date: 2020-07-24
2025-09-11 00:42:06,111 - INFO -   Type: PDF
2025-09-11 00:42:06,111 - INFO - 
2025-09-11 00:42:06,611 - INFO - Processing 2/10: Nike Inc. Form 10-Q Q1 2020
2025-09-11 00:42:06,612 - INFO -   Created: Nike_Inc_Form_10-Q_Q1_2020.pdf (758 bytes)
2025-09-11 00:42:06,612 - INFO -   Date: 2020-09-22
2025-09-11 00:42:06,612 - INFO -   Type: PDF
2025-09-11 00:42:06,612 - INFO - 
2025-09-11 00:42:07,112 - INFO - Processing 3/10: Nike Inc. Form 10-Q Q2 2020
2025-09-11 00:42:07,113 - INFO -   Created: Nike_Inc_Form_10-Q_Q2_2020.pdf (758 bytes)
2025-09-11 00:42:07,113 - INFO -   Date: 2020-12-18
2025-09-11 00:42:07,113 - INFO -   Type: PDF
2025-09-11 00:42:07,113 - INFO - 
2025-09-11 00:42:07,613 - INFO - Processing 4/10: Nike Inc. Form 10-Q Q3 2020
2025-09-11 00:42:07,613 - INFO -   Created: Nike_Inc_Form_10-Q_Q3_2020.pdf (758 bytes)
2025-09-11 00:42:07,613 - INFO -   Date: 2020-03-25
2025-09-11 00:42:07,613 - INFO -   Type: PDF
2025-09-11 00:42:07,614 - INFO - 
2025-09-11 00:42:08,114 - INFO - Processing 5/10: Nike Inc. Proxy Statement DEF 14A 2020
2025-09-11 00:42:08,114 - INFO -   Created: Nike_Inc_Proxy_Statement_DEF_14A_2020.pdf (710 bytes)
2025-09-11 00:42:08,114 - INFO -   Date: 2020-08-13
2025-09-11 00:42:08,114 - INFO -   Type: PDF
2025-09-11 00:42:08,114 - INFO - 
2025-09-11 00:42:08,614 - INFO - Processing 6/10: Nike Inc. Form 8-K Current Report - Q4 2020 Earnings
2025-09-11 00:42:08,615 - INFO -   Created: Nike_Inc_Form_8-K_Current_Report_-_Q4_2020_Earning.pdf (783 bytes)
2025-09-11 00:42:08,615 - INFO -   Date: 2020-06-25
2025-09-11 00:42:08,615 - INFO -   Type: PDF
2025-09-11 00:42:08,615 - INFO - 
2025-09-11 00:42:09,115 - INFO - Processing 7/10: Nike Inc. Financial Data Supplement Q4 2020
2025-09-11 00:42:09,116 - INFO -   Created: Nike_Inc_Financial_Data_Supplement_Q4_2020.xlsx (523 bytes)
2025-09-11 00:42:09,116 - INFO -   Date: 2020-06-25
2025-09-11 00:42:09,116 - INFO -   Type: XLSX
2025-09-11 00:42:09,116 - INFO - 
2025-09-11 00:42:09,616 - INFO - Processing 8/10: Nike Inc. Financial Data Supplement Q1 2020
2025-09-11 00:42:09,616 - INFO -   Created: Nike_Inc_Financial_Data_Supplement_Q1_2020.xlsx (523 bytes)
2025-09-11 00:42:09,616 - INFO -   Date: 2020-09-22
2025-09-11 00:42:09,617 - INFO -   Type: XLSX
2025-09-11 00:42:09,617 - INFO - 
2025-09-11 00:42:10,117 - INFO - Processing 9/10: Nike Inc. Financial Data Supplement Q2 2020
2025-09-11 00:42:10,117 - INFO -   Created: Nike_Inc_Financial_Data_Supplement_Q2_2020.xls (522 bytes)
2025-09-11 00:42:10,117 - INFO -   Date: 2020-12-18
2025-09-11 00:42:10,117 - INFO -   Type: XLS
2025-09-11 00:42:10,117 - INFO - 
2025-09-11 00:42:10,618 - INFO - Processing 10/10: Nike Inc. Financial Data Supplement Q3 2020
2025-09-11 00:42:10,618 - INFO -   Created: Nike_Inc_Financial_Data_Supplement_Q3_2020.xlsx (523 bytes)
2025-09-11 00:42:10,618 - INFO -   Date: 2020-03-25
2025-09-11 00:42:10,618 - INFO -   Type: XLSX
2025-09-11 00:42:10,618 - INFO - 
2025-09-11 00:42:11,118 - INFO - ==================================================
2025-09-11 00:42:11,119 - INFO - DOWNLOAD SUMMARY
2025-09-11 00:42:11,119 - INFO - ==================================================
2025-09-11 00:42:11,119 - INFO - Total Documents Found: 10
2025-09-11 00:42:11,119 - INFO - Successfully Downloaded: 10
2025-09-11 00:42:11,119 - INFO - Total Size: 6,628 bytes
2025-09-11 00:42:11,119 - INFO - Files saved to: /home/runner/work/SCORCHED/SCORCHED/nike_sec_filings_2020
2025-09-11 00:42:11,119 - INFO - 
2025-09-11 00:42:11,119 - INFO - Additional files created:
2025-09-11 00:42:11,119 - INFO -   - download_summary.txt (detailed summary)
2025-09-11 00:42:11,119 - INFO -   - filing_index.json (machine-readable index)
2025-09-11 00:42:11,120 - INFO -   - README.txt (information about files)
